     1                                  [BITS 16]
     2                                  [ORG 0x7C00]
     3                                  
     4                                  KERNEL_OFFSET equ 0x1000
     5                                  KERNEL_SECTORS equ 6
     6                                  
     7                                  start:
     8 00000000 8816[ED00]                  mov [BOOT_DRIVE], dl  ; BIOS passes boot drive in DL
     9 00000004 FA                          cli
    10 00000005 31C0                        xor ax, ax
    11 00000007 8ED8                        mov ds, ax
    12 00000009 8EC0                        mov es, ax
    13 0000000B 8ED0                        mov ss, ax
    14 0000000D BC0090                      mov sp, 0x9000
    15 00000010 FB                          sti
    16                                  
    17                                      ; Print loading message
    18 00000011 BE[C900]                    mov si, MSG_LOADING
    19 00000014 E85800                      call print_string
    20                                  
    21                                      ; Debug: print boot drive number
    22 00000017 A0[ED00]                    mov al, [BOOT_DRIVE]
    23 0000001A E85E00                      call print_hex_byte
    24                                  
    25                                      ; Load kernel from disk
    26 0000001D BB0010                      mov bx, KERNEL_OFFSET
    27 00000020 B606                        mov dh, KERNEL_SECTORS
    28 00000022 8A16[ED00]                  mov dl, [BOOT_DRIVE]
    29 00000026 E80B00                      call disk_load
    30                                  
    31 00000029 BE[DC00]                    mov si, MSG_LOADED
    32 0000002C E84000                      call print_string
    33                                  
    34 0000002F E8DA00                      call switch_to_pm
    35                                  
    36 00000032 EBFE                        jmp $
    37                                  
    38                                  ; Disk load routine
    39                                  ; Input: ES:BX = destination buffer, DH = sectors to read, DL = drive number
    40                                  disk_load:
    41 00000034 53                          push bx             ; Save buffer address
    42 00000035 51                          push cx             ; Save CX
    43 00000036 52                          push dx             ; Save drive and sector count
    44                                      
    45                                      ; Reset disk
    46 00000037 B400                        mov ah, 0x00
    47                                      ; DL still has drive number
    48 00000039 CD13                        int 0x13
    49 0000003B 7218                        jc .error
    50                                      
    51                                      ; Restore parameters
    52 0000003D 5A                          pop dx              ; DL = drive, DH = sector count
    53 0000003E 59                          pop cx              ; Restore CX
    54 0000003F 5B                          pop bx              ; Restore buffer
    55                                      
    56                                      ; Now save them again properly
    57 00000040 53                          push bx
    58 00000041 51                          push cx
    59 00000042 52                          push dx
    60                                      
    61                                      ; Setup read parameters
    62 00000043 B402                        mov ah, 0x02        ; Read function
    63 00000045 88F0                        mov al, dh          ; AL = number of sectors (from DH)
    64 00000047 B500                        mov ch, 0           ; Cylinder 0
    65 00000049 B102                        mov cl, 2           ; Sector 2 (1-indexed)
    66 0000004B B600                        mov dh, 0           ; Head 0
    67                                      ; DL = drive (already set)
    68                                      ; ES:BX = buffer (already set)
    69                                      
    70 0000004D CD13                        int 0x13
    71 0000004F 7204                        jc .error
    72                                      
    73                                      ; Success - clean stack
    74 00000051 5A                          pop dx
    75 00000052 59                          pop cx
    76 00000053 5B                          pop bx
    77 00000054 C3                          ret
    78                                  
    79                                  .error:
    80                                      ; Save error code to DI before cleaning stack  
    81 00000055 89C7                        mov di, ax          ; Save full AX to DI
    82                                      
    83                                      ; Clean stack
    84 00000057 5A                          pop dx
    85 00000058 59                          pop cx  
    86 00000059 5B                          pop bx
    87                                      
    88 0000005A BE[AA00]                    mov si, DISK_ERROR_MSG
    89 0000005D E80F00                      call print_string
    90                                      
    91                                      ; Print error code (in DI high byte)
    92 00000060 BE[BB00]                    mov si, MSG_ERROR_CODE
    93 00000063 E80900                      call print_string
    94 00000066 89F8                        mov ax, di          ; Restore AX
    95 00000068 88E0                        mov al, ah          ; Move error code to AL for printing
    96 0000006A E80E00                      call print_hex_byte
    97                                      
    98 0000006D EBFE                        jmp $
    99                                  
   100                                  print_string:
   101 0000006F B40E                        mov ah, 0x0e
   102                                  .loop:
   103 00000071 AC                          lodsb
   104 00000072 84C0                        test al, al
   105 00000074 7404                        jz .done
   106 00000076 CD10                        int 0x10
   107 00000078 EBF7                        jmp .loop
   108                                  .done:
   109 0000007A C3                          ret
   110                                  
   111                                  ; Print byte in AL as hex
   112                                  print_hex_byte:
   113 0000007B 50                          push ax
   114 0000007C B40E                        mov ah, 0x0e
   115 0000007E B030                        mov al, '0'
   116 00000080 CD10                        int 0x10
   117 00000082 B078                        mov al, 'x'
   118 00000084 CD10                        int 0x10
   119 00000086 58                          pop ax
   120                                      
   121 00000087 50                          push ax
   122 00000088 C0E804                      shr al, 4
   123 0000008B E80D00                      call .print_nibble
   124 0000008E 58                          pop ax
   125 0000008F 240F                        and al, 0x0F
   126 00000091 E80700                      call .print_nibble
   127                                      
   128 00000094 B020                        mov al, ' '
   129 00000096 B40E                        mov ah, 0x0e
   130 00000098 CD10                        int 0x10
   131 0000009A C3                          ret
   132                                  
   133                                  .print_nibble:
   134 0000009B 3C0A                        cmp al, 10
   135 0000009D 7C04                        jl .digit
   136 0000009F 0437                        add al, 'A' - 10
   137 000000A1 EB02                        jmp .print
   138                                  .digit:
   139 000000A3 0430                        add al, '0'
   140                                  .print:
   141 000000A5 B40E                        mov ah, 0x0e
   142 000000A7 CD10                        int 0x10
   143 000000A9 C3                          ret
   144                                  
   145 000000AA 4469736B2072656164-     DISK_ERROR_MSG: db 'Disk read error!', 0
   145 000000B3 206572726F722100   
   146 000000BB 204572726F7220636F-     MSG_ERROR_CODE: db ' Error code: ', 0
   146 000000C4 64653A2000         
   147 000000C9 4C6F6164696E672074-     MSG_LOADING: db 'Loading tetOS...', 13, 10, 0
   147 000000D2 65744F532E2E2E0D0A-
   147 000000DB 00                 
   148 000000DC 4B65726E656C206C6F-     MSG_LOADED: db 'Kernel loaded!', 13, 10, 0
   148 000000E5 61646564210D0A00   
   149 000000ED 00                      BOOT_DRIVE: db 0
   150                                  
   151                                  gdt_start:
   152 000000EE 0000000000000000            dq 0x0
   153                                  
   154                                  gdt_code:
   155 000000F6 FFFF                        dw 0xFFFF
   156 000000F8 0000                        dw 0x0
   157 000000FA 00                          db 0x0
   158 000000FB 9A                          db 10011010b
   159 000000FC CF                          db 11001111b
   160 000000FD 00                          db 0x0
   161                                  
   162                                  gdt_data:
   163 000000FE FFFF                        dw 0xFFFF
   164 00000100 0000                        dw 0x0
   165 00000102 00                          db 0x0
   166 00000103 92                          db 10010010b
   167 00000104 CF                          db 11001111b
   168 00000105 00                          db 0x0
   169                                  
   170                                  gdt_end:
   171                                  
   172                                  gdt_descriptor:
   173 00000106 1700                        dw gdt_end - gdt_start - 1
   174 00000108 [EE000000]                  dd gdt_start
   175                                  
   176                                  CODE_SEG equ gdt_code - gdt_start
   177                                  DATA_SEG equ gdt_data - gdt_start
   178                                  
   179                                  [BITS 16]
   180                                  switch_to_pm:
   181 0000010C FA                          cli
   182 0000010D 0F0116[0601]                lgdt [gdt_descriptor]
   183                                      
   184 00000112 0F20C0                      mov eax, cr0
   185 00000115 6683C801                    or eax, 0x1
   186 00000119 0F22C0                      mov cr0, eax
   187                                      
   188 0000011C EA[2101]0800                jmp CODE_SEG:init_pm
   189                                  
   190                                  [BITS 32]
   191                                  init_pm:
   192 00000121 66B81000                    mov ax, DATA_SEG
   193 00000125 8ED8                        mov ds, ax
   194 00000127 8ED0                        mov ss, ax
   195 00000129 8EC0                        mov es, ax
   196 0000012B 8EE0                        mov fs, ax
   197 0000012D 8EE8                        mov gs, ax
   198                                      
   199 0000012F BD00000900                  mov ebp, 0x90000
   200 00000134 89EC                        mov esp, ebp
   201                                      
   202 00000136 E8(00100000)                call KERNEL_OFFSET
   203                                      
   204 0000013B EBFE                        jmp $
   205                                  
   206 0000013D 00<rep C1h>             times 510-($-$$) db 0
   207 000001FE 55AA                    dw 0xAA55
